2023.06.28 10:42:14 INFO  Started: Metals version 0.11.12 in workspace '/Users/batuan/Documents/apply_viec_2023/hoso_xinviec/test/follow/follow-test-data-engineer' for client Visual Studio Code 1.79.2.
Jun 28, 2023 10:42:15 AM org.flywaydb.core.internal.license.VersionPrinter printVersionOnly
INFO: Flyway Community Edition 9.16.3 by Redgate
Jun 28, 2023 10:42:15 AM org.flywaydb.core.internal.license.VersionPrinter printVersion
INFO: See release notes here: https://rd.gt/416ObMi
Jun 28, 2023 10:42:15 AM org.flywaydb.core.internal.license.VersionPrinter printVersion
INFO: 
Jun 28, 2023 10:42:15 AM org.flywaydb.core.internal.database.base.BaseDatabaseType createDatabase
INFO: Database: jdbc:h2:file:/Users/batuan/Documents/apply_viec_2023/hoso_xinviec/test/follow/follow-test-data-engineer/.metals/metals (H2 2.1)
Jun 28, 2023 10:42:15 AM org.flywaydb.core.internal.schemahistory.JdbcTableSchemaHistory allAppliedMigrations
INFO: Schema history table "PUBLIC"."flyway_schema_history" does not exist yet
Jun 28, 2023 10:42:15 AM org.flywaydb.core.internal.command.DbValidate validate
INFO: Successfully validated 4 migrations (execution time 00:00.023s)
Jun 28, 2023 10:42:15 AM org.flywaydb.core.internal.schemahistory.JdbcTableSchemaHistory create
INFO: Creating Schema History table "PUBLIC"."flyway_schema_history" ...
Jun 28, 2023 10:42:15 AM org.flywaydb.core.internal.command.DbMigrate migrateGroup
INFO: Current version of schema "PUBLIC": << Empty Schema >>
Jun 28, 2023 10:42:15 AM org.flywaydb.core.internal.command.DbMigrate doMigrateGroup
INFO: Migrating schema "PUBLIC" to version "1 - Create tables"
Jun 28, 2023 10:42:15 AM org.flywaydb.core.internal.command.DbMigrate doMigrateGroup
INFO: Migrating schema "PUBLIC" to version "2 - Server discovery"
Jun 28, 2023 10:42:15 AM org.flywaydb.core.internal.command.DbMigrate doMigrateGroup
INFO: Migrating schema "PUBLIC" to version "3 - Jar symbols"
Jun 28, 2023 10:42:15 AM org.flywaydb.core.internal.command.DbMigrate doMigrateGroup
INFO: Migrating schema "PUBLIC" to version "4 - Fingerprints"
Jun 28, 2023 10:42:15 AM org.flywaydb.core.internal.command.DbMigrate logSummary
INFO: Successfully applied 4 migrations to schema "PUBLIC", now at version v4 (execution time 00:00.097s)
2023.06.28 10:42:15 INFO  time: initialize in 0.77s
2023.06.28 10:42:15 WARN  Build server is not auto-connectable.
2023.06.28 10:42:15 WARN  no build tool detected in workspace '/Users/batuan/Documents/apply_viec_2023/hoso_xinviec/test/follow/follow-test-data-engineer'. The most common cause for this problem is that the editor was opened in the wrong working directory, for example if you use sbt then the workspace directory should contain build.sbt. 
Jun 28, 2023 10:43:18 AM org.eclipse.lsp4j.jsonrpc.services.GenericEndpoint notify
INFO: Unsupported notification method: $/setTrace
Jun 28, 2023 10:43:18 AM org.eclipse.lsp4j.jsonrpc.services.GenericEndpoint notify
INFO: Unsupported notification method: $/setTrace
Jun 28, 2023 10:46:42 AM org.eclipse.lsp4j.jsonrpc.services.GenericEndpoint notify
INFO: Unsupported notification method: $/setTrace
2023.06.28 10:46:57 INFO  Shutting down server
2023.06.28 10:46:57 INFO  shutting down Metals
2023.06.28 10:46:57 INFO  Exiting server
